Determining if the pthread_create exist failed with the following output:
Change Dir: /home/sophie/Bureaublad/Robot/ros/slave_pc/build/CMakeFiles/CMakeTmp

Run Build Command:"/usr/bin/make" "cmTC_8af42/fast"
/usr/bin/make -f CMakeFiles/cmTC_8af42.dir/build.make CMakeFiles/cmTC_8af42.dir/build
make[1]: Map '/home/sophie/Bureaublad/Robot/ros/slave_pc/build/CMakeFiles/CMakeTmp' wordt binnengegaan
Building C object CMakeFiles/cmTC_8af42.dir/CheckSymbolExists.c.o
/usr/bin/cc     -o CMakeFiles/cmTC_8af42.dir/CheckSymbolExists.c.o   -c /home/sophie/Bureaublad/Robot/ros/slave_pc/build/CMakeFiles/CMakeTmp/CheckSymbolExists.c
Linking C executable cmTC_8af42
/usr/bin/cmake -E cmake_link_script CMakeFiles/cmTC_8af42.dir/link.txt --verbose=1
/usr/bin/cc       CMakeFiles/cmTC_8af42.dir/CheckSymbolExists.c.o  -o cmTC_8af42 -rdynamic 
CMakeFiles/cmTC_8af42.dir/CheckSymbolExists.c.o: In function `main':
CheckSymbolExists.c:(.text+0x16): undefined reference to `pthread_create'
collect2: error: ld returned 1 exit status
CMakeFiles/cmTC_8af42.dir/build.make:97: recept voor doel 'cmTC_8af42' is mislukt
make[1]: *** [cmTC_8af42] Fout 1
make[1]: Map '/home/sophie/Bureaublad/Robot/ros/slave_pc/build/CMakeFiles/CMakeTmp' wordt verlaten
Makefile:126: recept voor doel 'cmTC_8af42/fast' is mislukt
make: *** [cmTC_8af42/fast] Fout 2

File /home/sophie/Bureaublad/Robot/ros/slave_pc/build/CMakeFiles/CMakeTmp/CheckSymbolExists.c:
/* */
#include <pthread.h>

int main(int argc, char** argv)
{
  (void)argv;
#ifndef pthread_create
  return ((int*)(&pthread_create))[argc];
#else
  (void)argc;
  return 0;
#endif
}

Determining if the function pthread_create exists in the pthreads failed with the following output:
Change Dir: /home/sophie/Bureaublad/Robot/ros/slave_pc/build/CMakeFiles/CMakeTmp

Run Build Command:"/usr/bin/make" "cmTC_ef9cf/fast"
/usr/bin/make -f CMakeFiles/cmTC_ef9cf.dir/build.make CMakeFiles/cmTC_ef9cf.dir/build
make[1]: Map '/home/sophie/Bureaublad/Robot/ros/slave_pc/build/CMakeFiles/CMakeTmp' wordt binnengegaan
Building C object CMakeFiles/cmTC_ef9cf.dir/CheckFunctionExists.c.o
/usr/bin/cc    -DCHECK_FUNCTION_EXISTS=pthread_create   -o CMakeFiles/cmTC_ef9cf.dir/CheckFunctionExists.c.o   -c /usr/share/cmake-3.5/Modules/CheckFunctionExists.c
Linking C executable cmTC_ef9cf
/usr/bin/cmake -E cmake_link_script CMakeFiles/cmTC_ef9cf.dir/link.txt --verbose=1
/usr/bin/cc   -DCHECK_FUNCTION_EXISTS=pthread_create    CMakeFiles/cmTC_ef9cf.dir/CheckFunctionExists.c.o  -o cmTC_ef9cf -rdynamic -lpthreads 
/usr/bin/ld: cannot find -lpthreads
collect2: error: ld returned 1 exit status
CMakeFiles/cmTC_ef9cf.dir/build.make:97: recept voor doel 'cmTC_ef9cf' is mislukt
make[1]: *** [cmTC_ef9cf] Fout 1
make[1]: Map '/home/sophie/Bureaublad/Robot/ros/slave_pc/build/CMakeFiles/CMakeTmp' wordt verlaten
Makefile:126: recept voor doel 'cmTC_ef9cf/fast' is mislukt
make: *** [cmTC_ef9cf/fast] Fout 2


